<?xml version="1.0" encoding="UTF-8"?>
<testng-results ignored="0" total="9" passed="9" failed="0" skipped="0">
  <reporter-output>
  </reporter-output>
  <suite started-at="2025-02-07T13:31:35 IST" name="Default suite" finished-at="2025-02-07T13:34:00 IST" duration-ms="144982">
    <groups>
    </groups>
    <test started-at="2025-02-07T13:31:35 IST" name="Default test" finished-at="2025-02-07T13:34:00 IST" duration-ms="144982">
      <class name="seleniumfirstpkg.LinkTextPgm">
        <test-method is-config="true" signature="setUp()[pri:0, instance:seleniumfirstpkg.LinkTextPgm@408d971b]" started-at="2025-02-07T13:31:35 IST" name="setUp" finished-at="2025-02-07T13:31:52 IST" duration-ms="17328" status="PASS">
          <reporter-output>
          </reporter-output>
        </test-method> <!-- setUp -->
        <test-method signature="linkTestPrinting()[pri:1, instance:seleniumfirstpkg.LinkTextPgm@408d971b]" started-at="2025-02-07T13:31:52 IST" name="linkTestPrinting" finished-at="2025-02-07T13:32:13 IST" duration-ms="21053" status="PASS">
          <reporter-output>
          </reporter-output>
        </test-method> <!-- linkTestPrinting -->
        <test-method signature="partialLinkText()[pri:2, instance:seleniumfirstpkg.LinkTextPgm@408d971b]" started-at="2025-02-07T13:32:13 IST" name="partialLinkText" finished-at="2025-02-07T13:33:27 IST" duration-ms="73089" status="PASS">
          <reporter-output>
          </reporter-output>
        </test-method> <!-- partialLinkText -->
        <test-method signature="handleTwoWindows()[pri:3, instance:seleniumfirstpkg.LinkTextPgm@408d971b]" started-at="2025-02-07T13:33:27 IST" name="handleTwoWindows" finished-at="2025-02-07T13:33:46 IST" duration-ms="18927" status="PASS">
          <reporter-output>
          </reporter-output>
        </test-method> <!-- handleTwoWindows -->
        <test-method signature="multipleWindowHandle()[pri:4, instance:seleniumfirstpkg.LinkTextPgm@408d971b]" started-at="2025-02-07T13:33:46 IST" name="multipleWindowHandle" finished-at="2025-02-07T13:33:49 IST" depends-on-methods="seleniumfirstpkg.LinkTextPgm.handleTwoWindows" duration-ms="3075" status="PASS">
          <reporter-output>
          </reporter-output>
        </test-method> <!-- multipleWindowHandle -->
        <test-method signature="checkBoxSelect()[pri:5, instance:seleniumfirstpkg.LinkTextPgm@408d971b]" started-at="2025-02-07T13:33:49 IST" name="checkBoxSelect" finished-at="2025-02-07T13:33:51 IST" depends-on-methods="seleniumfirstpkg.LinkTextPgm.multipleWindowHandle" duration-ms="2685" status="PASS">
          <reporter-output>
          </reporter-output>
        </test-method> <!-- checkBoxSelect -->
        <test-method signature="alerthandle()[pri:6, instance:seleniumfirstpkg.LinkTextPgm@408d971b]" started-at="2025-02-07T13:33:51 IST" name="alerthandle" finished-at="2025-02-07T13:33:52 IST" duration-ms="560" status="PASS">
          <reporter-output>
          </reporter-output>
        </test-method> <!-- alerthandle -->
        <test-method signature="handlenormalDropdown()[pri:7, instance:seleniumfirstpkg.LinkTextPgm@408d971b]" started-at="2025-02-07T13:33:52 IST" name="handlenormalDropdown" finished-at="2025-02-07T13:33:59 IST" duration-ms="6838" status="PASS">
          <reporter-output>
          </reporter-output>
        </test-method> <!-- handlenormalDropdown -->
        <test-method signature="dragAndDroppgm()[pri:8, instance:seleniumfirstpkg.LinkTextPgm@408d971b]" started-at="2025-02-07T13:33:59 IST" name="dragAndDroppgm" finished-at="2025-02-07T13:33:59 IST" duration-ms="442" status="PASS">
          <reporter-output>
          </reporter-output>
        </test-method> <!-- dragAndDroppgm -->
        <test-method signature="sliderHandle()[pri:8, instance:seleniumfirstpkg.LinkTextPgm@408d971b]" started-at="2025-02-07T13:33:59 IST" name="sliderHandle" finished-at="2025-02-07T13:33:59 IST" duration-ms="310" status="PASS">
          <reporter-output>
          </reporter-output>
        </test-method> <!-- sliderHandle -->
        <test-method is-config="true" signature="tearDown()[pri:0, instance:seleniumfirstpkg.LinkTextPgm@408d971b]" started-at="2025-02-07T13:33:59 IST" name="tearDown" finished-at="2025-02-07T13:34:00 IST" duration-ms="539" status="PASS">
          <reporter-output>
          </reporter-output>
        </test-method> <!-- tearDown -->
      </class> <!-- seleniumfirstpkg.LinkTextPgm -->
    </test> <!-- Default test -->
  </suite> <!-- Default suite -->
</testng-results>
